<?xml version="1.0" encoding="UTF-8"?>
<!-- Generated by org.testng.reporters.JUnitReportReporter -->
<testsuite skipped="0" hostname="CPX-0KIXNUNA816" name="com.accenture.Instagram.App" tests="1" failures="0" timestamp="13 jul 2018 16:30:11 GMT" time="72.767" errors="0">
  <testcase name="mytest" time="72.767" classname="com.accenture.Instagram.App"/>
</testsuite> <!-- com.accenture.Instagram.App -->
